Symlinking /root/mybebop_ws/devel/lib/wiimote/teleop_wiimote
Symlinking /root/mybebop_ws/devel/lib/wiimote/wiimote_node
Symlinking /root/mybebop_ws/devel/lib/pkgconfig/wiimote.pc
Symlinking /root/mybebop_ws/devel/lib/python3/dist-packages/wiimote/__init__.py
Symlinking /root/mybebop_ws/devel/lib/python3/dist-packages/wiimote/msg/_IrSourceInfo.py
Symlinking /root/mybebop_ws/devel/lib/python3/dist-packages/wiimote/msg/_TimedSwitch.py
Symlinking /root/mybebop_ws/devel/lib/python3/dist-packages/wiimote/msg/_State.py
Symlinking /root/mybebop_ws/devel/lib/python3/dist-packages/wiimote/msg/__init__.py
Symlinking /root/mybebop_ws/devel/include/wiimote/TimedSwitch.h
Symlinking /root/mybebop_ws/devel/include/wiimote/State.h
Symlinking /root/mybebop_ws/devel/include/wiimote/IrSourceInfo.h
Symlinking /root/mybebop_ws/devel/share/wiimote/cmake/wiimoteConfig-version.cmake
Symlinking /root/mybebop_ws/devel/share/wiimote/cmake/wiimote-msg-extras.cmake
Symlinking /root/mybebop_ws/devel/share/wiimote/cmake/wiimoteConfig.cmake
Symlinking /root/mybebop_ws/devel/share/wiimote/cmake/wiimote-msg-paths.cmake
Symlinking /root/mybebop_ws/devel/share/gennodejs/ros/wiimote/_index.js
Symlinking /root/mybebop_ws/devel/share/gennodejs/ros/wiimote/msg/_index.js
Symlinking /root/mybebop_ws/devel/share/gennodejs/ros/wiimote/msg/State.js
Symlinking /root/mybebop_ws/devel/share/gennodejs/ros/wiimote/msg/TimedSwitch.js
Symlinking /root/mybebop_ws/devel/share/gennodejs/ros/wiimote/msg/IrSourceInfo.js
Symlinking /root/mybebop_ws/devel/share/roseus/ros/wiimote/manifest.l
Symlinking /root/mybebop_ws/devel/share/roseus/ros/wiimote/msg/State.l
Symlinking /root/mybebop_ws/devel/share/roseus/ros/wiimote/msg/TimedSwitch.l
Symlinking /root/mybebop_ws/devel/share/roseus/ros/wiimote/msg/IrSourceInfo.l
Symlinking /root/mybebop_ws/devel/share/common-lisp/ros/wiimote/msg/_package_State.lisp
Symlinking /root/mybebop_ws/devel/share/common-lisp/ros/wiimote/msg/TimedSwitch.lisp
Symlinking /root/mybebop_ws/devel/share/common-lisp/ros/wiimote/msg/IrSourceInfo.lisp
Symlinking /root/mybebop_ws/devel/share/common-lisp/ros/wiimote/msg/_package.lisp
Symlinking /root/mybebop_ws/devel/share/common-lisp/ros/wiimote/msg/_package_TimedSwitch.lisp
Symlinking /root/mybebop_ws/devel/share/common-lisp/ros/wiimote/msg/wiimote-msg.asd
Symlinking /root/mybebop_ws/devel/share/common-lisp/ros/wiimote/msg/State.lisp
Symlinking /root/mybebop_ws/devel/share/common-lisp/ros/wiimote/msg/_package_IrSourceInfo.lisp
